
=================================================== keil-build-viewer v1.6 ==================================================
 
[Search keil project] 1 item(s)
	D:\Code_Project\Stm32CubeMx_Proj\stm32f407zgt6-gataway\MDK-ARM\stm32f407zgt6-gataway.uvprojx

[User input] 
[Current folder] D:\Code_Project\Stm32CubeMx_Proj\stm32f407zgt6-gataway\MDK-ARM
[Encoding] 936
[Keil project path] D:\Code_Project\Stm32CubeMx_Proj\stm32f407zgt6-gataway\MDK-ARM\stm32f407zgt6-gataway.uvprojx
[Keil project name] stm32f407zgt6-gataway.uvprojx
[Is keil v4] 0
[target name] stm32f407zgt6-gataway
[final target name] stm32f407zgt6-gataway

[Device] STM32F407ZGTx
[Target name] 
[Output name] stm32f407zgt6-gataway
[Output path] .\Objects\
[Listing path] .\Listings\
[Is has pack] 1
[Is enbale LTO] 0
[Is has user library] 1
[Is custom scatter file] 0

[stm32f407zgt6-gataway.uvprojx]  [stm32f407zgt6-gataway]  [STM32F407ZGTx]  [LTO disable]
 
[memory info]
[name] IRAM [base addr] 0x20000000 [size] 0x0001C000 [type] 1 [off-chip] 0 [is pack] 1 [ID] 2 
[name] IRAM2 [base addr] 0x2001C000 [size] 0x00004000 [type] 1 [off-chip] 0 [is pack] 1 [ID] 3 
[name] IROM [base addr] 0x08000000 [size] 0x00100000 [type] 2 [off-chip] 0 [is pack] 1 [ID] 4 


[map file path] D:\Code_Project\Stm32CubeMx_Proj\stm32f407zgt6-gataway\MDK-ARM\Listings\stm32f407zgt6-gataway.map

[region info]
[load region] LR_IROM1
	[execution region] ER_IROM1, 0x08000000, 0x00100000, 0x0001EA20 [memory type] 2 [memory ID] 4

	[execution region] RW_IRAM1, 0x20000000, 0x0001C000, 0x000090E8 [memory type] 1 [memory ID] 2
		[ZI block] addr: 0x20000440, size: 0x00008CA8 (36008)

	[execution region] RW_IRAM2, 0x2001C000, 0x00004000, 0x00000000 [memory type] 1 [memory ID] 3


[object name max length] 29
[object path max length] 66

[object in map file]
[object name] bsp_can.o                      [path] ..\BSP\BSP_CAN\bsp_can.c
[object name] bsp_can_port.o                 [path] ..\BSP\BSP_CAN\bsp_can_port.c
[object name] bsp_can_test.o                 [path] ..\BSP\BSP_CAN\bsp_can_test.c
[object name] bsp_timer.o                    [path] ..\BSP\BSP_Timer\bsp_timer.c
[object name] bsp_touch_port.o               [path] ..\BSP\BSP_LCDTouch\bsp_touch_port.c
[object name] can.o                          [path] ../Core/Src/can.c
[object name] canopen.o                      [path] ..\3rdLib\CANopen\CANopenNode\CANopen.c
[object name] co_app_stm32.o                 [path] ..\3rdLib\CANopen\CANopenNode_STM32\CO_app_STM32.c
[object name] co_driver_stm32.o              [path] ..\3rdLib\CANopen\CANopenNode_STM32\CO_driver_STM32.c
[object name] co_emergency.o                 [path] ..\3rdLib\CANopen\CANopenNode\301\CO_Emergency.c
[object name] co_leds.o                      [path] ..\3rdLib\CANopen\CANopenNode\303\CO_LEDs.c
[object name] co_lssslave.o                  [path] ..\3rdLib\CANopen\CANopenNode\305\CO_LSSslave.c
[object name] co_nmt_heartbeat.o             [path] ..\3rdLib\CANopen\CANopenNode\301\CO_NMT_Heartbeat.c
[object name] co_odinterface.o               [path] ..\3rdLib\CANopen\CANopenNode\301\CO_ODinterface.c
[object name] co_pdo.o                       [path] ..\3rdLib\CANopen\CANopenNode\301\CO_PDO.c
[object name] co_sdoserver.o                 [path] ..\3rdLib\CANopen\CANopenNode\301\CO_SDOserver.c
[object name] co_sync.o                      [path] ..\3rdLib\CANopen\CANopenNode\301\CO_SYNC.c
[object name] co_time.o                      [path] ..\3rdLib\CANopen\CANopenNode\301\CO_TIME.c
[object name] def.o                          [path] ../Middlewares/Third_Party/LwIP/src/core/def.c
[object name] etharp.o                       [path] ../Middlewares/Third_Party/LwIP/src/core/ipv4/etharp.c
[object name] ethernet.o                     [path] ../Middlewares/Third_Party/LwIP/src/netif/ethernet.c
[object name] ethernetif.o                   [path] ../LWIP/Target/ethernetif.c
[object name] fsmc.o                         [path] ../Core/Src/fsmc.c
[object name] gpio.o                         [path] ../Core/Src/gpio.c
[object name] gt9xxx.o                       [path] ..\BSP\BSP_LCDTouch\gt9xxx.c
[object name] icmp.o                         [path] ../Middlewares/Third_Party/LwIP/src/core/ipv4/icmp.c
[object name] init.o                         [path] ../Middlewares/Third_Party/LwIP/src/core/init.c
[object name] ip.o                           [path] ../Middlewares/Third_Party/LwIP/src/core/ip.c
[object name] ip4.o                          [path] ../Middlewares/Third_Party/LwIP/src/core/ipv4/ip4.c
[object name] ip4_addr.o                     [path] ../Middlewares/Third_Party/LwIP/src/core/ipv4/ip4_addr.c
[object name] ip4_frag.o                     [path] ../Middlewares/Third_Party/LwIP/src/core/ipv4/ip4_frag.c
[object name] lan8742.o                      [path] ../Drivers/BSP/Components/lan8742/lan8742.c
[object name] lcd_nt35510.o                  [path] ..\BSP\BSP_LCD\lcd_nt35510.c
[object name] lwip.o                         [path] ../LWIP/App/lwip.c
[object name] main.o                         [path] ../Core/Src/main.c
[object name] mem.o                          [path] ../Middlewares/Third_Party/LwIP/src/core/mem.c
[object name] memp.o                         [path] ../Middlewares/Third_Party/LwIP/src/core/memp.c
[object name] netif.o                        [path] ../Middlewares/Third_Party/LwIP/src/core/netif.c
[object name] od.o                           [path] ..\3rdLib\CANopen\CANopenNode_STM32\OD.c
[object name] pbuf.o                         [path] ../Middlewares/Third_Party/LwIP/src/core/pbuf.c
[object name] startup_stm32f407xx.o          [path] startup_stm32f407xx.s
[object name] stm32f4xx_hal.o                [path] ../Drivers/STM32F4xx_HAL_Driver/Src/stm32f4xx_hal.c
[object name] stm32f4xx_hal_can.o            [path] ../Drivers/STM32F4xx_HAL_Driver/Src/stm32f4xx_hal_can.c
[object name] stm32f4xx_hal_cortex.o         [path] ../Drivers/STM32F4xx_HAL_Driver/Src/stm32f4xx_hal_cortex.c
[object name] stm32f4xx_hal_dma.o            [path] ../Drivers/STM32F4xx_HAL_Driver/Src/stm32f4xx_hal_dma.c
[object name] stm32f4xx_hal_eth.o            [path] ../Drivers/STM32F4xx_HAL_Driver/Src/stm32f4xx_hal_eth.c
[object name] stm32f4xx_hal_gpio.o           [path] ../Drivers/STM32F4xx_HAL_Driver/Src/stm32f4xx_hal_gpio.c
[object name] stm32f4xx_hal_msp.o            [path] ../Core/Src/stm32f4xx_hal_msp.c
[object name] stm32f4xx_hal_rcc.o            [path] ../Drivers/STM32F4xx_HAL_Driver/Src/stm32f4xx_hal_rcc.c
[object name] stm32f4xx_hal_sram.o           [path] ../Drivers/STM32F4xx_HAL_Driver/Src/stm32f4xx_hal_sram.c
[object name] stm32f4xx_hal_tim.o            [path] ../Drivers/STM32F4xx_HAL_Driver/Src/stm32f4xx_hal_tim.c
[object name] stm32f4xx_hal_tim_ex.o         [path] ../Drivers/STM32F4xx_HAL_Driver/Src/stm32f4xx_hal_tim_ex.c
[object name] stm32f4xx_hal_uart.o           [path] ../Drivers/STM32F4xx_HAL_Driver/Src/stm32f4xx_hal_uart.c
[object name] stm32f4xx_it.o                 [path] ../Core/Src/stm32f4xx_it.c
[object name] stm32f4xx_ll_fsmc.o            [path] ../Drivers/STM32F4xx_HAL_Driver/Src/stm32f4xx_ll_fsmc.c
[object name] system_stm32f4xx.o             [path] ../Core/Src/system_stm32f4xx.c
[object name] tcp.o                          [path] ../Middlewares/Third_Party/LwIP/src/core/tcp.c
[object name] tcp_in.o                       [path] ../Middlewares/Third_Party/LwIP/src/core/tcp_in.c
[object name] tcp_out.o                      [path] ../Middlewares/Third_Party/LwIP/src/core/tcp_out.c
[object name] tim.o                          [path] ../Core/Src/tim.c
[object name] timeouts.o                     [path] ../Middlewares/Third_Party/LwIP/src/core/timeouts.c
[object name] udp.o                          [path] ../Middlewares/Third_Party/LwIP/src/core/udp.c
[object name] usart.o                        [path] ../Core/Src/usart.c

[file path in keil project]
[old name] startup_stm32f407xx.s          [type] 1   [path] startup_stm32f407xx.s
[old name] main.c                         [type] 1   [path] ../Core/Src/main.c
[old name] gpio.c                         [type] 1   [path] ../Core/Src/gpio.c
[old name] can.c                          [type] 1   [path] ../Core/Src/can.c
[old name] fsmc.c                         [type] 1   [path] ../Core/Src/fsmc.c
[old name] tim.c                          [type] 1   [path] ../Core/Src/tim.c
[old name] usart.c                        [type] 1   [path] ../Core/Src/usart.c
[old name] stm32f4xx_it.c                 [type] 1   [path] ../Core/Src/stm32f4xx_it.c
[old name] stm32f4xx_hal_msp.c            [type] 1   [path] ../Core/Src/stm32f4xx_hal_msp.c
[old name] stm32f4xx_hal_rcc.c            [type] 1   [path] ../Drivers/STM32F4xx_HAL_Driver/Src/stm32f4xx_hal_rcc.c
[old name] stm32f4xx_hal_rcc_ex.c         [type] 1   [path] ../Drivers/STM32F4xx_HAL_Driver/Src/stm32f4xx_hal_rcc_ex.c
[old name] stm32f4xx_hal_flash.c          [type] 1   [path] ../Drivers/STM32F4xx_HAL_Driver/Src/stm32f4xx_hal_flash.c
[old name] stm32f4xx_hal_flash_ex.c       [type] 1   [path] ../Drivers/STM32F4xx_HAL_Driver/Src/stm32f4xx_hal_flash_ex.c
[old name] stm32f4xx_hal_flash_ramfunc.c  [type] 1   [path] ../Drivers/STM32F4xx_HAL_Driver/Src/stm32f4xx_hal_flash_ramfunc.c
[old name] stm32f4xx_hal_gpio.c           [type] 1   [path] ../Drivers/STM32F4xx_HAL_Driver/Src/stm32f4xx_hal_gpio.c
[old name] stm32f4xx_hal_dma_ex.c         [type] 1   [path] ../Drivers/STM32F4xx_HAL_Driver/Src/stm32f4xx_hal_dma_ex.c
[old name] stm32f4xx_hal_dma.c            [type] 1   [path] ../Drivers/STM32F4xx_HAL_Driver/Src/stm32f4xx_hal_dma.c
[old name] stm32f4xx_hal_pwr.c            [type] 1   [path] ../Drivers/STM32F4xx_HAL_Driver/Src/stm32f4xx_hal_pwr.c
[old name] stm32f4xx_hal_pwr_ex.c         [type] 1   [path] ../Drivers/STM32F4xx_HAL_Driver/Src/stm32f4xx_hal_pwr_ex.c
[old name] stm32f4xx_hal_cortex.c         [type] 1   [path] ../Drivers/STM32F4xx_HAL_Driver/Src/stm32f4xx_hal_cortex.c
[old name] stm32f4xx_hal.c                [type] 1   [path] ../Drivers/STM32F4xx_HAL_Driver/Src/stm32f4xx_hal.c
[old name] stm32f4xx_hal_exti.c           [type] 1   [path] ../Drivers/STM32F4xx_HAL_Driver/Src/stm32f4xx_hal_exti.c
[old name] stm32f4xx_hal_eth.c            [type] 1   [path] ../Drivers/STM32F4xx_HAL_Driver/Src/stm32f4xx_hal_eth.c
[old name] stm32f4xx_hal_can.c            [type] 1   [path] ../Drivers/STM32F4xx_HAL_Driver/Src/stm32f4xx_hal_can.c
[old name] stm32f4xx_ll_fsmc.c            [type] 1   [path] ../Drivers/STM32F4xx_HAL_Driver/Src/stm32f4xx_ll_fsmc.c
[old name] stm32f4xx_hal_nor.c            [type] 1   [path] ../Drivers/STM32F4xx_HAL_Driver/Src/stm32f4xx_hal_nor.c
[old name] stm32f4xx_hal_sram.c           [type] 1   [path] ../Drivers/STM32F4xx_HAL_Driver/Src/stm32f4xx_hal_sram.c
[old name] stm32f4xx_hal_nand.c           [type] 1   [path] ../Drivers/STM32F4xx_HAL_Driver/Src/stm32f4xx_hal_nand.c
[old name] stm32f4xx_hal_pccard.c         [type] 1   [path] ../Drivers/STM32F4xx_HAL_Driver/Src/stm32f4xx_hal_pccard.c
[old name] stm32f4xx_hal_tim.c            [type] 1   [path] ../Drivers/STM32F4xx_HAL_Driver/Src/stm32f4xx_hal_tim.c
[old name] stm32f4xx_hal_tim_ex.c         [type] 1   [path] ../Drivers/STM32F4xx_HAL_Driver/Src/stm32f4xx_hal_tim_ex.c
[old name] stm32f4xx_hal_uart.c           [type] 1   [path] ../Drivers/STM32F4xx_HAL_Driver/Src/stm32f4xx_hal_uart.c
[old name] system_stm32f4xx.c             [type] 1   [path] ../Core/Src/system_stm32f4xx.c
[old name] GUI_X.c                        [type] 1   [path] ..\3rdLib\emWin\GUI_X\GUI_X.c
[old name] GUIConf.c                      [type] 1   [path] ..\3rdLib\emWin\Config\GUIConf.c
[old name] GUIDRV_Template.c              [type] 1   [path] ..\3rdLib\emWin\Config\GUIDRV_Template.c
[old name] LCDConf.c                      [type] 1   [path] ..\3rdLib\emWin\Config\LCDConf.c
[old name] APPW_MainTask.c                [type] 1   [path] ..\3rdLib\emWin\emWinTask\Source\APPW_MainTask.c
[old name] libGUI_v7m_OS0.a               [type] 3   [path] ..\3rdLib\emWin\GUILib\libGUI_v7m_OS0.a
[old name] Application.c                  [type] 1   [path] ..\3rdLib\emWin\emWinTask\Source\CustomCode\Application.c
[old name] ID_SCREEN_00_Slots.c           [type] 1   [path] ..\3rdLib\emWin\emWinTask\Source\CustomCode\ID_SCREEN_00_Slots.c
[old name] APPWConf.c                     [type] 1   [path] ..\3rdLib\emWin\emWinTask\Source\Generated\APPWConf.c
[old name] ID_SCREEN_00.c                 [type] 1   [path] ..\3rdLib\emWin\emWinTask\Source\Generated\ID_SCREEN_00.c
[old name] Resource.c                     [type] 1   [path] ..\3rdLib\emWin\emWinTask\Source\Generated\Resource.c
[old name] DARK_Button_Down_100x30.c      [type] 1   [path] ..\3rdLib\emWin\emWinTask\Resource\Image\DARK_Button_Down_100x30.c
[old name] DARK_Button_Up_100x30.c        [type] 1   [path] ..\3rdLib\emWin\emWinTask\Resource\Image\DARK_Button_Up_100x30.c
[old name] bsp_sram.c                     [type] 1   [path] ..\BSP\BSP_SRAM\bsp_sram.c
[old name] bsp_sram_port.c                [type] 1   [path] ..\BSP\BSP_SRAM\bsp_sram_port.c
[old name] bsp_sram_test.c                [type] 1   [path] ..\BSP\BSP_SRAM\bsp_sram_test.c
[old name] bsp_lcd.c                      [type] 1   [path] ..\BSP\BSP_LCD\bsp_lcd.c
[old name] bsp_lcd_port.c                 [type] 1   [path] ..\BSP\BSP_LCD\bsp_lcd_port.c
[old name] bsp_lcd_test.c                 [type] 1   [path] ..\BSP\BSP_LCD\bsp_lcd_test.c
[old name] lcd_nt35510.c                  [type] 1   [path] ..\BSP\BSP_LCD\lcd_nt35510.c
[old name] bsp_touch_port.c               [type] 1   [path] ..\BSP\BSP_LCDTouch\bsp_touch_port.c
[old name] gt9xxx.c                       [type] 1   [path] ..\BSP\BSP_LCDTouch\gt9xxx.c
[old name] test_bsp_touch.c               [type] 1   [path] ..\BSP\BSP_LCDTouch\test_bsp_touch.c
[old name] bsp_timer.c                    [type] 1   [path] ..\BSP\BSP_Timer\bsp_timer.c
[old name] app_mqtt.c                     [type] 1   [path] ..\BSP\BSP_ETH\app_mqtt.c
[old name] bsp_eth.c                      [type] 1   [path] ..\BSP\BSP_ETH\bsp_eth.c
[old name] bsp_can.c                      [type] 1   [path] ..\BSP\BSP_CAN\bsp_can.c
[old name] bsp_can_port.c                 [type] 1   [path] ..\BSP\BSP_CAN\bsp_can_port.c
[old name] bsp_can_test.c                 [type] 1   [path] ..\BSP\BSP_CAN\bsp_can_test.c
[old name] ethernetif.c                   [type] 1   [path] ../LWIP/Target/ethernetif.c
[old name] lwip.c                         [type] 1   [path] ../LWIP/App/lwip.c
[old name] lan8742.c                      [type] 1   [path] ../Drivers/BSP/Components/lan8742/lan8742.c
[old name] auth.c                         [type] 1   [path] ../Middlewares/Third_Party/LwIP/src/netif/ppp/auth.c
[old name] ccp.c                          [type] 1   [path] ../Middlewares/Third_Party/LwIP/src/netif/ppp/ccp.c
[old name] chap_ms.c                      [type] 1   [path] ../Middlewares/Third_Party/LwIP/src/netif/ppp/chap_ms.c
[old name] chap-md5.c                     [type] 1   [path] ../Middlewares/Third_Party/LwIP/src/netif/ppp/chap-md5.c
[old name] chap-new.c                     [type] 1   [path] ../Middlewares/Third_Party/LwIP/src/netif/ppp/chap-new.c
[old name] demand.c                       [type] 1   [path] ../Middlewares/Third_Party/LwIP/src/netif/ppp/demand.c
[old name] eap.c                          [type] 1   [path] ../Middlewares/Third_Party/LwIP/src/netif/ppp/eap.c
[old name] eui64.c                        [type] 1   [path] ../Middlewares/Third_Party/LwIP/src/netif/ppp/eui64.c
[old name] fsm.c                          [type] 1   [path] ../Middlewares/Third_Party/LwIP/src/netif/ppp/fsm.c
[old name] ipcp.c                         [type] 1   [path] ../Middlewares/Third_Party/LwIP/src/netif/ppp/ipcp.c
[old name] ipv6cp.c                       [type] 1   [path] ../Middlewares/Third_Party/LwIP/src/netif/ppp/ipv6cp.c
[old name] lcp.c                          [type] 1   [path] ../Middlewares/Third_Party/LwIP/src/netif/ppp/lcp.c
[old name] magic.c                        [type] 1   [path] ../Middlewares/Third_Party/LwIP/src/netif/ppp/magic.c
[old name] mppe.c                         [type] 1   [path] ../Middlewares/Third_Party/LwIP/src/netif/ppp/mppe.c
[old name] multilink.c                    [type] 1   [path] ../Middlewares/Third_Party/LwIP/src/netif/ppp/multilink.c
[old name] ppp.c                          [type] 1   [path] ../Middlewares/Third_Party/LwIP/src/netif/ppp/ppp.c
[old name] pppapi.c                       [type] 1   [path] ../Middlewares/Third_Party/LwIP/src/netif/ppp/pppapi.c
[old name] pppcrypt.c                     [type] 1   [path] ../Middlewares/Third_Party/LwIP/src/netif/ppp/pppcrypt.c
[old name] pppoe.c                        [type] 1   [path] ../Middlewares/Third_Party/LwIP/src/netif/ppp/pppoe.c
[old name] pppol2tp.c                     [type] 1   [path] ../Middlewares/Third_Party/LwIP/src/netif/ppp/pppol2tp.c
[old name] pppos.c                        [type] 1   [path] ../Middlewares/Third_Party/LwIP/src/netif/ppp/pppos.c
[old name] upap.c                         [type] 1   [path] ../Middlewares/Third_Party/LwIP/src/netif/ppp/upap.c
[old name] utils.c                        [type] 1   [path] ../Middlewares/Third_Party/LwIP/src/netif/ppp/utils.c
[old name] vj.c                           [type] 1   [path] ../Middlewares/Third_Party/LwIP/src/netif/ppp/vj.c
[old name] bridgeif.c                     [type] 1   [path] ../Middlewares/Third_Party/LwIP/src/netif/bridgeif.c
[old name] bridgeif_fdb.c                 [type] 1   [path] ../Middlewares/Third_Party/LwIP/src/netif/bridgeif_fdb.c
[old name] ethernet.c                     [type] 1   [path] ../Middlewares/Third_Party/LwIP/src/netif/ethernet.c
[old name] lowpan6.c                      [type] 1   [path] ../Middlewares/Third_Party/LwIP/src/netif/lowpan6.c
[old name] lowpan6_ble.c                  [type] 1   [path] ../Middlewares/Third_Party/LwIP/src/netif/lowpan6_ble.c
[old name] lowpan6_common.c               [type] 1   [path] ../Middlewares/Third_Party/LwIP/src/netif/lowpan6_common.c
[old name] zepif.c                        [type] 1   [path] ../Middlewares/Third_Party/LwIP/src/netif/zepif.c
[old name] ecp.c                          [type] 1   [path] ../Middlewares/Third_Party/LwIP/src/netif/ppp/ecp.c
[old name] api_lib.c                      [type] 1   [path] ../Middlewares/Third_Party/LwIP/src/api/api_lib.c
[old name] api_msg.c                      [type] 1   [path] ../Middlewares/Third_Party/LwIP/src/api/api_msg.c
[old name] err.c                          [type] 1   [path] ../Middlewares/Third_Party/LwIP/src/api/err.c
[old name] if_api.c                       [type] 1   [path] ../Middlewares/Third_Party/LwIP/src/api/if_api.c
[old name] netbuf.c                       [type] 1   [path] ../Middlewares/Third_Party/LwIP/src/api/netbuf.c
[old name] netdb.c                        [type] 1   [path] ../Middlewares/Third_Party/LwIP/src/api/netdb.c
[old name] netifapi.c                     [type] 1   [path] ../Middlewares/Third_Party/LwIP/src/api/netifapi.c
[old name] sockets.c                      [type] 1   [path] ../Middlewares/Third_Party/LwIP/src/api/sockets.c
[old name] tcpip.c                        [type] 1   [path] ../Middlewares/Third_Party/LwIP/src/api/tcpip.c
[old name] altcp.c                        [type] 1   [path] ../Middlewares/Third_Party/LwIP/src/core/altcp.c
[old name] altcp_alloc.c                  [type] 1   [path] ../Middlewares/Third_Party/LwIP/src/core/altcp_alloc.c
[old name] altcp_tcp.c                    [type] 1   [path] ../Middlewares/Third_Party/LwIP/src/core/altcp_tcp.c
[old name] def.c                          [type] 1   [path] ../Middlewares/Third_Party/LwIP/src/core/def.c
[old name] dns.c                          [type] 1   [path] ../Middlewares/Third_Party/LwIP/src/core/dns.c
[old name] inet_chksum.c                  [type] 1   [path] ../Middlewares/Third_Party/LwIP/src/core/inet_chksum.c
[old name] init.c                         [type] 1   [path] ../Middlewares/Third_Party/LwIP/src/core/init.c
[old name] ip.c                           [type] 1   [path] ../Middlewares/Third_Party/LwIP/src/core/ip.c
[old name] mem.c                          [type] 1   [path] ../Middlewares/Third_Party/LwIP/src/core/mem.c
[old name] memp.c                         [type] 1   [path] ../Middlewares/Third_Party/LwIP/src/core/memp.c
[old name] netif.c                        [type] 1   [path] ../Middlewares/Third_Party/LwIP/src/core/netif.c
[old name] pbuf.c                         [type] 1   [path] ../Middlewares/Third_Party/LwIP/src/core/pbuf.c
[old name] raw.c                          [type] 1   [path] ../Middlewares/Third_Party/LwIP/src/core/raw.c
[old name] stats.c                        [type] 1   [path] ../Middlewares/Third_Party/LwIP/src/core/stats.c
[old name] sys.c                          [type] 1   [path] ../Middlewares/Third_Party/LwIP/src/core/sys.c
[old name] tcp.c                          [type] 1   [path] ../Middlewares/Third_Party/LwIP/src/core/tcp.c
[old name] tcp_in.c                       [type] 1   [path] ../Middlewares/Third_Party/LwIP/src/core/tcp_in.c
[old name] tcp_out.c                      [type] 1   [path] ../Middlewares/Third_Party/LwIP/src/core/tcp_out.c
[old name] timeouts.c                     [type] 1   [path] ../Middlewares/Third_Party/LwIP/src/core/timeouts.c
[old name] udp.c                          [type] 1   [path] ../Middlewares/Third_Party/LwIP/src/core/udp.c
[old name] autoip.c                       [type] 1   [path] ../Middlewares/Third_Party/LwIP/src/core/ipv4/autoip.c
[old name] dhcp.c                         [type] 1   [path] ../Middlewares/Third_Party/LwIP/src/core/ipv4/dhcp.c
[old name] etharp.c                       [type] 1   [path] ../Middlewares/Third_Party/LwIP/src/core/ipv4/etharp.c
[old name] icmp.c                         [type] 1   [path] ../Middlewares/Third_Party/LwIP/src/core/ipv4/icmp.c
[old name] igmp.c                         [type] 1   [path] ../Middlewares/Third_Party/LwIP/src/core/ipv4/igmp.c
[old name] ip4.c                          [type] 1   [path] ../Middlewares/Third_Party/LwIP/src/core/ipv4/ip4.c
[old name] ip4_addr.c                     [type] 1   [path] ../Middlewares/Third_Party/LwIP/src/core/ipv4/ip4_addr.c
[old name] ip4_frag.c                     [type] 1   [path] ../Middlewares/Third_Party/LwIP/src/core/ipv4/ip4_frag.c
[old name] dhcp6.c                        [type] 1   [path] ../Middlewares/Third_Party/LwIP/src/core/ipv6/dhcp6.c
[old name] ethip6.c                       [type] 1   [path] ../Middlewares/Third_Party/LwIP/src/core/ipv6/ethip6.c
[old name] icmp6.c                        [type] 1   [path] ../Middlewares/Third_Party/LwIP/src/core/ipv6/icmp6.c
[old name] inet6.c                        [type] 1   [path] ../Middlewares/Third_Party/LwIP/src/core/ipv6/inet6.c
[old name] ip6.c                          [type] 1   [path] ../Middlewares/Third_Party/LwIP/src/core/ipv6/ip6.c
[old name] ip6_addr.c                     [type] 1   [path] ../Middlewares/Third_Party/LwIP/src/core/ipv6/ip6_addr.c
[old name] ip6_frag.c                     [type] 1   [path] ../Middlewares/Third_Party/LwIP/src/core/ipv6/ip6_frag.c
[old name] mld6.c                         [type] 1   [path] ../Middlewares/Third_Party/LwIP/src/core/ipv6/mld6.c
[old name] nd6.c                          [type] 1   [path] ../Middlewares/Third_Party/LwIP/src/core/ipv6/nd6.c
[old name] mqtt.c                         [type] 1   [path] ../Middlewares/Third_Party/LwIP/src/apps/mqtt/mqtt.c
[old name] CANopen.c                      [type] 1   [path] ..\3rdLib\CANopen\CANopenNode\CANopen.c
[old name] CO_Emergency.c                 [type] 1   [path] ..\3rdLib\CANopen\CANopenNode\301\CO_Emergency.c
[old name] CO_fifo.c                      [type] 1   [path] ..\3rdLib\CANopen\CANopenNode\301\CO_fifo.c
[old name] CO_HBconsumer.c                [type] 1   [path] ..\3rdLib\CANopen\CANopenNode\301\CO_HBconsumer.c
[old name] CO_NMT_Heartbeat.c             [type] 1   [path] ..\3rdLib\CANopen\CANopenNode\301\CO_NMT_Heartbeat.c
[old name] CO_ODinterface.c               [type] 1   [path] ..\3rdLib\CANopen\CANopenNode\301\CO_ODinterface.c
[old name] CO_PDO.c                       [type] 1   [path] ..\3rdLib\CANopen\CANopenNode\301\CO_PDO.c
[old name] CO_SDOclient.c                 [type] 1   [path] ..\3rdLib\CANopen\CANopenNode\301\CO_SDOclient.c
[old name] CO_SDOserver.c                 [type] 1   [path] ..\3rdLib\CANopen\CANopenNode\301\CO_SDOserver.c
[old name] CO_SYNC.c                      [type] 1   [path] ..\3rdLib\CANopen\CANopenNode\301\CO_SYNC.c
[old name] CO_TIME.c                      [type] 1   [path] ..\3rdLib\CANopen\CANopenNode\301\CO_TIME.c
[old name] crc16-ccitt.c                  [type] 1   [path] ..\3rdLib\CANopen\CANopenNode\301\crc16-ccitt.c
[old name] CO_LEDs.c                      [type] 1   [path] ..\3rdLib\CANopen\CANopenNode\303\CO_LEDs.c
[old name] CO_LSSslave.c                  [type] 1   [path] ..\3rdLib\CANopen\CANopenNode\305\CO_LSSslave.c
[old name] CO_app_STM32.c                 [type] 1   [path] ..\3rdLib\CANopen\CANopenNode_STM32\CO_app_STM32.c
[old name] CO_driver_STM32.c              [type] 1   [path] ..\3rdLib\CANopen\CANopenNode_STM32\CO_driver_STM32.c
[old name] CO_storageBlank.c              [type] 1   [path] ..\3rdLib\CANopen\CANopenNode_STM32\CO_storageBlank.c
[old name] OD.c                           [type] 1   [path] ..\3rdLib\CANopen\CANopenNode_STM32\OD.c

[record region info]
[load region] LR_IROM1
	[execution region] ER_IROM1, 0x08000000, 0x00100000, 0x0001EA20 [type] 2 [ID] 4
	[execution region] RW_IRAM1, 0x20000000, 0x0001C000, 0x000090E8 [type] 1 [ID] 2
	[execution region] RW_IRAM2, 0x2001C000, 0x00004000, 0x00000000 [type] 1 [ID] 3
------------------------------------------------------------------------------------------------------------------------------
                                FILE(s)                                |         RAM (byte)       |       FLASH (byte)       |
------------------------------------------------------------------------------------------------------------------------------
..\BSP\BSP_CAN\bsp_can.c():                                            |         284              |         760              |
..\BSP\BSP_CAN\bsp_can_port.c():                                       |           0              |         390              |
..\BSP\BSP_CAN\bsp_can_test.c():                                       |           0              |        2318              |
..\BSP\BSP_Timer\bsp_timer.c():                                        |         106              |         230              |
..\BSP\BSP_LCDTouch\bsp_touch_port.c():                                |          32              |         116              |
../Core/Src/can.c():                                                   |          40              |         242              |
..\3rdLib\CANopen\CANopenNode\CANopen.c():                             |           0              |        3186              |
..\3rdLib\CANopen\CANopenNode_STM32\CO_app_STM32.c():                  |          17              |        1627              |
..\3rdLib\CANopen\CANopenNode_STM32\CO_driver_STM32.c():               |          56              |        1958              |
..\3rdLib\CANopen\CANopenNode\301\CO_Emergency.c():                    |           0              |        2244              |
..\3rdLib\CANopen\CANopenNode\303\CO_LEDs.c():                         |           0              |        1030              |
..\3rdLib\CANopen\CANopenNode\305\CO_LSSslave.c():                     |           0              |        1934              |
..\3rdLib\CANopen\CANopenNode\301\CO_NMT_Heartbeat.c():                |           0              |        1472              |
..\3rdLib\CANopen\CANopenNode\301\CO_ODinterface.c():                  |           0              |        1800              |
..\3rdLib\CANopen\CANopenNode\301\CO_PDO.c():                          |           0              |        6530              |
..\3rdLib\CANopen\CANopenNode\301\CO_SDOserver.c():                    |           0              |        5380              |
..\3rdLib\CANopen\CANopenNode\301\CO_SYNC.c():                         |           0              |        1572              |
..\3rdLib\CANopen\CANopenNode\301\CO_TIME.c():                         |           0              |        1214              |
../Middlewares/Third_Party/LwIP/src/core/def.c():                      |           0              |          48              |
../Middlewares/Third_Party/LwIP/src/core/ipv4/etharp.c():              |         241              |        5009              |
../Middlewares/Third_Party/LwIP/src/netif/ethernet.c():                |           0              |         580              |
../LWIP/Target/ethernetif.c():                                         |       19428              |        1768              |
../Core/Src/fsmc.c():                                                  |         164              |         552              |
../Core/Src/gpio.c():                                                  |           0              |         388              |
..\BSP\BSP_LCDTouch\gt9xxx.c():                                        |           1              |        1041              |
../Middlewares/Third_Party/LwIP/src/core/ipv4/icmp.c():                |           0              |        1140              |
../Middlewares/Third_Party/LwIP/src/core/init.c():                     |           0              |          44              |
../Middlewares/Third_Party/LwIP/src/core/ip.c():                       |          24              |           0              |
../Middlewares/Third_Party/LwIP/src/core/ipv4/ip4.c():                 |           2              |        1703              |
../Middlewares/Third_Party/LwIP/src/core/ipv4/ip4_addr.c():            |           0              |         136              |
../Middlewares/Third_Party/LwIP/src/core/ipv4/ip4_frag.c():            |           6              |        4317              |
../Drivers/BSP/Components/lan8742/lan8742.c():                         |           0              |         566              |
..\BSP\BSP_LCD\lcd_nt35510.c():                                        |           0              |        4430              |
../LWIP/App/lwip.c():                                                  |          76              |         356              |
../Core/Src/main.c():                                                  |          24              |         535              |
../Middlewares/Third_Party/LwIP/src/core/mem.c():                      |        1631              |        3118              |
../Middlewares/Third_Party/LwIP/src/core/memp.c():                     |       12003              |        1025              |
../Middlewares/Third_Party/LwIP/src/core/netif.c():                    |           9              |        2341              |
..\3rdLib\CANopen\CANopenNode_STM32\OD.c():                            |        1024              |        2748              |
../Middlewares/Third_Party/LwIP/src/core/pbuf.c():                     |           1              |        4862              |
startup_stm32f407xx.s():                                               |        1536              |         428              |
../Drivers/STM32F4xx_HAL_Driver/Src/stm32f4xx_hal.c():                 |           9              |         275              |
../Drivers/STM32F4xx_HAL_Driver/Src/stm32f4xx_hal_can.c():             |           0              |        3462              |
../Drivers/STM32F4xx_HAL_Driver/Src/stm32f4xx_hal_cortex.c():          |           0              |         600              |
../Drivers/STM32F4xx_HAL_Driver/Src/stm32f4xx_hal_dma.c():             |           0              |         304              |
../Drivers/STM32F4xx_HAL_Driver/Src/stm32f4xx_hal_eth.c():             |           0              |        3916              |
../Drivers/STM32F4xx_HAL_Driver/Src/stm32f4xx_hal_gpio.c():            |           0              |        1042              |
../Core/Src/stm32f4xx_hal_msp.c():                                     |           0              |          74              |
../Drivers/STM32F4xx_HAL_Driver/Src/stm32f4xx_hal_rcc.c():             |           0              |        2646              |
../Drivers/STM32F4xx_HAL_Driver/Src/stm32f4xx_hal_sram.c():            |           0              |         128              |
../Drivers/STM32F4xx_HAL_Driver/Src/stm32f4xx_hal_tim.c():             |           0              |        1154              |
../Drivers/STM32F4xx_HAL_Driver/Src/stm32f4xx_hal_tim_ex.c():          |           0              |         306              |
../Drivers/STM32F4xx_HAL_Driver/Src/stm32f4xx_hal_uart.c():            |           0              |        2868              |
../Core/Src/stm32f4xx_it.c():                                          |           0              |          90              |
../Drivers/STM32F4xx_HAL_Driver/Src/stm32f4xx_ll_fsmc.c():             |           0              |         360              |
../Core/Src/system_stm32f4xx.c():                                      |           4              |          46              |
../Middlewares/Third_Party/LwIP/src/core/tcp.c():                      |          29              |        9265              |
../Middlewares/Third_Party/LwIP/src/core/tcp_in.c():                   |          52              |       12537              |
../Middlewares/Third_Party/LwIP/src/core/tcp_out.c():                  |           0              |        8319              |
../Core/Src/tim.c():                                                   |          72              |         174              |
../Middlewares/Third_Party/LwIP/src/core/timeouts.c():                 |          12              |         893              |
../Middlewares/Third_Party/LwIP/src/core/udp.c():                      |           6              |        1879              |
../Core/Src/usart.c():                                                 |         144              |         418              |
------------------------------------------------------------------------------------------------------------------------------
[memory print mode]: 0
LR_IROM1
        RAM 1             [0x20000000 | 0x0001C000 (114688)]
                [zi start] 1   [zi end] 16
                RW_IRAM1  [0x20000000]|ˇöˇőˇőˇőˇőˇőˇőˇőˇőˇőˇőˇőˇőˇőˇőˇő__________________________________| (  36.2 KB / 112.0 KB )  32.3%  
 
        FLASH 1           [0x08000000 | 0x00100000 (1048576)]
                ER_IROM1  [0x08000000]|ˇöˇöˇöˇöˇö_____________________________________________| ( 122.5 KB /   1.0 MB )  12.0%  
 
[htm file path] D:\Code_Project\Stm32CubeMx_Proj\stm32f407zgt6-gataway\MDK-ARM\Objects\stm32f407zgt6-gataway.htm
Maximum Stack Usage =        952 bytes + Unknown(Cycles, Untraceable Function Pointers)
 
=============================================================================================================================

run time: 0.254 s
